[0m
[0m [0m [0m [0m [0m [0m [0m [0m [0m [0m [0m [0m [0m [0m [0m [0m [0m [0m [0m [0m [0m [0m [0m [0m [0m [0m [0m [0m [0m [0m [0m [0m [0m [0m [0m [0m [0m [0m [0m [0m [0m [0m [0m [0m [0m [0m [0m [0m [0m [0m [0m [0m [0m [0m [0m [0m [0m [0m [0m [48;5;255m [48;5;255m [0m [0m [0m [0m [0m [0m [0m [0m [0m [0m [0m [0m
[0m [0m [0m [0m [0m [0m [0m [0m [0m [0m [0m [0m [0m [0m [0m [0m [0m [0m [0m [0m [0m [0m [0m [0m [0m [0m [0m [0m [0m [0m [0m [0m [0m [0m [0m [0m [0m [0m [0m [0m [0m [0m [0m [0m [0m [0m [0m [0m [0m [0m [0m [0m [0m [0m [0m [0m [0m [0m [0m [48;5;255m [48;5;255m [0m [0m [0m [0m [0m [0m [0m [0m [0m [0m [0m [0m
[0m [0m [0m [0m [0m [0m [0m [0m [0m [0m [0m [0m [0m [0m [0m [0m [0m [0m [0m [0m [0m [0m [0m [0m [0m [0m [0m [0m [0m [0m [0m [0m [0m [0m [0m [0m [0m [0m [0m [0m [0m [0m [0m [0m [0m [0m [0m [0m [0m [0m [0m [0m [0m [0m [0m [0m [0m [0m [0m [48;5;255m [48;5;255m [0m [0m [0m [0m [0m [0m [0m [0m [0m [0m [0m [0m
[48;5;255m [48;5;255m [48;5;255m [48;5;255m [48;5;255m [48;5;255m [48;5;255m [0m [0m [48;5;255m [48;5;255m [48;5;255m [48;5;255m [48;5;255m [48;5;255m [48;5;255m [48;5;255m [0m [0m [48;5;255m [48;5;255m [48;5;255m [48;5;255m [48;5;255m [48;5;255m [48;5;255m [48;5;255m [48;5;255m [48;5;255m [48;5;255m [48;5;255m [0m [0m [48;5;255m [48;5;255m [48;5;255m [48;5;255m [48;5;255m [48;5;255m [48;5;255m [48;5;255m [0m [0m [48;5;255m [48;5;255m [48;5;255m [48;5;255m [48;5;255m [48;5;255m [48;5;255m [48;5;255m [0m [0m [48;5;255m [48;5;255m [48;5;255m [48;5;255m [48;5;255m [48;5;255m [48;5;255m [48;5;255m [0m [0m [48;5;255m [48;5;255m [48;5;255m [48;5;255m [48;5;255m [48;5;255m [48;5;255m [48;5;255m [0m [0m [48;5;255m [48;5;255m [48;5;255m [48;5;255m [48;5;255m [48;5;255m [48;5;255m [48;5;255m [0m
[48;5;255m [48;5;255m [0m [0m [0m [0m [0m [0m [0m [48;5;255m [48;5;255m [0m [0m [0m [0m [48;5;255m [48;5;255m [0m [0m [48;5;255m [48;5;255m [0m [0m [0m [48;5;255m [48;5;255m [0m [0m [0m [48;5;255m [48;5;255m [0m [0m [48;5;255m [48;5;255m [0m [0m [0m [0m [48;5;255m [48;5;255m [0m [0m [48;5;255m [48;5;255m [0m [0m [0m [0m [48;5;255m [48;5;255m [0m [0m [48;5;255m [48;5;255m [0m [0m [0m [0m [48;5;255m [48;5;255m [0m [0m [48;5;255m [48;5;255m [0m [0m [0m [0m [48;5;255m [48;5;255m [0m [0m [48;5;255m [48;5;255m [0m
[48;5;255m [48;5;255m [0m [0m [0m [0m [0m [0m [0m [48;5;255m [48;5;255m [0m [0m [0m [0m [48;5;255m [48;5;255m [0m [0m [48;5;255m [48;5;255m [0m [0m [0m [48;5;255m [48;5;255m [0m [0m [0m [48;5;255m [48;5;255m [0m [0m [48;5;255m [48;5;255m [0m [0m [0m [0m [48;5;255m [48;5;255m [0m [0m [48;5;255m [48;5;255m [0m [0m [0m [0m [48;5;255m [48;5;255m [0m [0m [48;5;255m [48;5;255m [0m [0m [0m [0m [48;5;255m [48;5;255m [0m [0m [48;5;255m [48;5;255m [0m [0m [0m [0m [48;5;255m [48;5;255m [0m [0m [48;5;255m [48;5;255m [0m
[48;5;255m [48;5;255m [0m [0m [0m [0m [0m [0m [0m [48;5;255m [48;5;255m [0m [0m [0m [0m [48;5;255m [48;5;255m [0m [0m [48;5;255m [48;5;255m [0m [0m [0m [48;5;255m [48;5;255m [0m [0m [0m [48;5;255m [48;5;255m [0m [0m [48;5;255m [48;5;255m [0m [0m [0m [0m [48;5;255m [48;5;255m [0m [0m [48;5;255m [48;5;255m [0m [0m [0m [0m [48;5;255m [48;5;255m [0m [0m [48;5;255m [48;5;255m [0m [0m [0m [0m [48;5;255m [48;5;255m [0m [0m [48;5;255m [48;5;255m [0m [0m [0m [0m [48;5;255m [48;5;255m [0m [0m [48;5;255m [48;5;255m [0m
[48;5;255m [48;5;255m [48;5;255m [48;5;255m [48;5;255m [48;5;255m [48;5;255m [0m [0m [48;5;255m [48;5;255m [48;5;255m [48;5;255m [48;5;255m [48;5;255m [48;5;255m [48;5;255m [0m [0m [48;5;255m [48;5;255m [0m [0m [0m [48;5;255m [48;5;255m [0m [0m [0m [48;5;255m [48;5;255m [0m [0m [48;5;255m [48;5;255m [48;5;255m [48;5;255m [48;5;255m [48;5;255m [48;5;255m [48;5;255m [0m [0m [48;5;255m [48;5;255m [48;5;255m [48;5;255m [48;5;255m [48;5;255m [48;5;255m [48;5;255m [0m [0m [48;5;255m [48;5;255m [48;5;255m [48;5;255m [48;5;255m [48;5;255m [48;5;255m [48;5;255m [0m [0m [48;5;255m [48;5;255m [48;5;255m [48;5;255m [48;5;255m [48;5;255m [48;5;255m [48;5;255m [0m [0m [48;5;255m [48;5;255m [48;5;255m [48;5;255m [48;5;255m [48;5;255m [48;5;255m [48;5;255m [0m
[0m [0m [0m [0m [0m [0m [0m [0m [0m [0m [0m [0m [0m [0m [0m [0m [0m [0m [0m [0m [0m [0m [0m [0m [0m [0m [0m [0m [0m [0m [0m [0m [0m [48;5;255m [48;5;255m [0m [0m [0m [0m [0m [0m [0m [0m [0m [0m [0m [0m
[0m [0m [0m [0m [0m [0m [0m [0m [0m [0m [0m [0m [0m [0m [0m [0m [0m [0m [0m [0m [0m [0m [0m [0m [0m [0m [0m [0m [0m [0m [0m [0m [0m [48;5;255m [48;5;255m [0m [0m [0m [0m [0m [0m [0m [0m [0m [0m [0m [0m
[0m [0m [0m [0m [0m [0m [0m [0m [0m [0m [0m [0m [0m [0m [0m [0m [0m [0m [0m [0m [0m [0m [0m [0m [0m [0m [0m [0m [0m [0m [0m [0m [0m [48;5;255m [48;5;255m [0m [0m [0m [0m [0m [0m [0m [0m [0m [0m [0m [0m

1.1.21

TypeScript version used by Compodoc : 5.0.2

TypeScript version of current project : 5.1.3

Node.js version : v18.13.0

Operating system : Windows 10

[16:23:41] No configuration file found, switching to CLI flags.
[16:23:41] Using tsconfig file : D:\Work\Datum\final\address-book\.storybook\tsconfig.json
[16:23:41] Including      : D:/Work/Datum/final/address-book/.storybook/preview.ts
[16:23:41] Excluding      : D:/Work/Datum/final/address-book/src/custom-theme.scss
[16:23:41] Excluding      : D:/Work/Datum/final/address-book/src/favicon.ico
[16:23:41] Excluding      : D:/Work/Datum/final/address-book/src/index.html
[16:23:41] Including      : D:/Work/Datum/final/address-book/src/main.ts
[16:23:41] Excluding      : D:/Work/Datum/final/address-book/src/styles.css
[16:23:41] Including      : D:/Work/Datum/final/address-book/src/app/app-routing.module.ts
[16:23:41] Excluding      : D:/Work/Datum/final/address-book/src/app/app.component.css
[16:23:41] Excluding      : D:/Work/Datum/final/address-book/src/app/app.component.html
[16:23:41] Including      : D:/Work/Datum/final/address-book/src/app/app.component.ts
[16:23:41] Including      : D:/Work/Datum/final/address-book/src/app/app.module.ts
[16:23:41] Including      : D:/Work/Datum/final/address-book/src/stories/button.component.ts
[16:23:41] Excluding      : D:/Work/Datum/final/address-book/src/stories/button.css
[16:23:41] Including      : D:/Work/Datum/final/address-book/src/stories/Button.stories.ts
[16:23:41] Including      : D:/Work/Datum/final/address-book/src/stories/contact-form.stories.ts
[16:23:41] Including      : D:/Work/Datum/final/address-book/src/stories/contact-list.stories.ts
[16:23:41] Including      : D:/Work/Datum/final/address-book/src/stories/header.component.ts
[16:23:41] Excluding      : D:/Work/Datum/final/address-book/src/stories/header.css
[16:23:41] Including      : D:/Work/Datum/final/address-book/src/stories/Header.stories.ts
[16:23:41] Excluding      : D:/Work/Datum/final/address-book/src/stories/Introduction.mdx
[16:23:41] Including      : D:/Work/Datum/final/address-book/src/stories/page.component.ts
[16:23:41] Excluding      : D:/Work/Datum/final/address-book/src/stories/page.css
[16:23:41] Including      : D:/Work/Datum/final/address-book/src/stories/Page.stories.ts
[16:23:41] Including      : D:/Work/Datum/final/address-book/src/stories/User.ts
[16:23:41] Excluding      : D:/Work/Datum/final/address-book/src/app/confirmation-dialog/confirmation-dialog.component.css
[16:23:41] Excluding      : D:/Work/Datum/final/address-book/src/app/confirmation-dialog/confirmation-dialog.component.html
[16:23:41] Including      : D:/Work/Datum/final/address-book/src/app/confirmation-dialog/confirmation-dialog.component.ts
[16:23:41] Excluding      : D:/Work/Datum/final/address-book/src/app/contact-form/contact-form.component.css
[16:23:41] Excluding      : D:/Work/Datum/final/address-book/src/app/contact-form/contact-form.component.html
[16:23:41] Including      : D:/Work/Datum/final/address-book/src/app/contact-form/contact-form.component.ts
[16:23:41] Excluding      : D:/Work/Datum/final/address-book/src/app/contact-list/contact-list.component.css
[16:23:41] Excluding      : D:/Work/Datum/final/address-book/src/app/contact-list/contact-list.component.html
[16:23:41] Including      : D:/Work/Datum/final/address-book/src/app/contact-list/contact-list.component.ts
[16:23:41] Including      : D:/Work/Datum/final/address-book/src/app/models/contact.ts
[16:23:41] Excluding      : D:/Work/Datum/final/address-book/src/app/contact-update/contact-update.component.css
[16:23:41] Excluding      : D:/Work/Datum/final/address-book/src/app/contact-update/contact-update.component.html
[16:23:41] Including      : D:/Work/Datum/final/address-book/src/app/contact-update/contact-update.component.ts
[16:23:41] Including      : D:/Work/Datum/final/address-book/src/app/services/contact.service.ts
[16:23:41] Excluding      : D:/Work/Datum/final/address-book/src/stories/assets/code-brackets.svg
[16:23:41] Excluding      : D:/Work/Datum/final/address-book/src/stories/assets/colors.svg
[16:23:41] Excluding      : D:/Work/Datum/final/address-book/src/stories/assets/comments.svg
[16:23:41] Excluding      : D:/Work/Datum/final/address-book/src/stories/assets/direction.svg
[16:23:41] Excluding      : D:/Work/Datum/final/address-book/src/stories/assets/flow.svg
[16:23:41] Excluding      : D:/Work/Datum/final/address-book/src/stories/assets/plugin.svg
[16:23:41] Excluding      : D:/Work/Datum/final/address-book/src/stories/assets/repo.svg
[16:23:41] Excluding      : D:/Work/Datum/final/address-book/src/stories/assets/stackalt.svg
[16:23:41] Searching package.json file
[16:23:41] package.json file found
[16:23:41] Processing package.json dependencies
[16:23:41] Searching README.md, CHANGELOG.md, CONTRIBUTING.md, LICENSE.md, TODO.md files
[16:23:41] README.md file found
[16:23:41] Error during D:\Work\Datum\final\address-book\CHANGELOG read
[16:23:41] Continuing without CHANGELOG.md file
[16:23:41] Error during D:\Work\Datum\final\address-book\CONTRIBUTING read
[16:23:41] Continuing without CONTRIBUTING.md file
[16:23:41] Error during D:\Work\Datum\final\address-book\LICENSE read
[16:23:41] Continuing without LICENSE.md file
[16:23:41] Error during D:\Work\Datum\final\address-book\TODO read
[16:23:41] Continuing without TODO.md file
[16:23:41] Get dependencies data
[16:23:42] parsing        : D:/Work/Datum/final/address-book/.storybook/preview.ts
[16:23:42] found          : preview
[16:23:42] parsing        : D:/Work/Datum/final/address-book/src/main.ts
[16:23:42] parsing        : D:/Work/Datum/final/address-book/src/app/app-routing.module.ts
[16:23:42] Analysing routes definitions and clean them if necessary
[16:23:42] found          : AppRoutingModule
[16:23:42]                : - imports:
[16:23:42]                : 	- RouterModule
[16:23:42]                : - exports:
[16:23:42]                : 	- RouterModule
[16:23:42] parsing        : D:/Work/Datum/final/address-book/src/app/app.component.ts
[16:23:42] found          : AppComponent
[16:23:42] parsing        : D:/Work/Datum/final/address-book/src/app/app.module.ts
[16:23:42] Analysing routes definitions and clean them if necessary
[16:23:42] found          : AppModule
[16:23:42]                : - imports:
[16:23:42]                : 	- BrowserModule
[16:23:42]                : 	- BrowserAnimationsModule
[16:23:42]                : 	- FormsModule
[16:23:42]                : 	- MatButtonModule
[16:23:42]                : 	- MatInputModule
[16:23:42]                : 	- MatFormFieldModule
[16:23:42]                : 	- MatIconModule
[16:23:42]                : 	- MatMenuModule
[16:23:42]                : 	- MatDialogModule
[16:23:42]                : 	- MatToolbarModule
[16:23:42]                : 	- MatTableModule
[16:23:42]                : 	- RouterModule
[16:23:42]                : - declarations:
[16:23:42]                : 	- AppComponent
[16:23:42]                : 	- ContactListComponent
[16:23:42]                : 	- ContactFormComponent
[16:23:42]                : 	- ConfirmationDialogComponent
[16:23:42]                : - bootstrap:
[16:23:42]                : 	- AppComponent
[16:23:42] parsing        : D:/Work/Datum/final/address-book/src/stories/button.component.ts
[16:23:42] found          : ButtonComponent
[16:23:42]                : - imports:
[16:23:42]                : 	- CommonModule
[16:23:42] parsing        : D:/Work/Datum/final/address-book/src/stories/Button.stories.ts
[16:23:42] found          : meta
[16:23:42] found          : Story
[16:23:42] found          : Primary
[16:23:42] found          : Secondary
[16:23:42] found          : Large
[16:23:42] found          : Small
[16:23:42] parsing        : D:/Work/Datum/final/address-book/src/stories/contact-form.stories.ts
[16:23:42] found          : Template
[16:23:42] found          : AddContact
[16:23:42] found          : EditContact
[16:23:42] parsing        : D:/Work/Datum/final/address-book/src/stories/contact-list.stories.ts
[16:23:42] found          : Template
[16:23:42] found          : Default
[16:23:42] found          : EmptyList
[16:23:42] parsing        : D:/Work/Datum/final/address-book/src/stories/header.component.ts
[16:23:42] found          : HeaderComponent
[16:23:42] parsing        : D:/Work/Datum/final/address-book/src/stories/Header.stories.ts
[16:23:42] found          : meta
[16:23:42] found          : Story
[16:23:42] found          : LoggedIn
[16:23:42] found          : LoggedOut
[16:23:42] parsing        : D:/Work/Datum/final/address-book/src/stories/page.component.ts
[16:23:42] found          : PageComponent
[16:23:42] parsing        : D:/Work/Datum/final/address-book/src/stories/Page.stories.ts
[16:23:42] found          : meta
[16:23:42] found          : Story
[16:23:42] found          : LoggedOut
[16:23:42] found          : LoggedIn
[16:23:42] parsing        : D:/Work/Datum/final/address-book/src/stories/User.ts
[16:23:42] found          : User
[16:23:42] parsing        : D:/Work/Datum/final/address-book/src/app/confirmation-dialog/confirmation-dialog.component.ts
[16:23:42] found          : ConfirmationDialogComponent
[16:23:42] parsing        : D:/Work/Datum/final/address-book/src/app/contact-form/contact-form.component.ts
[16:23:42] found          : ContactFormComponent
[16:23:42] parsing        : D:/Work/Datum/final/address-book/src/app/contact-list/contact-list.component.ts
[16:23:42] found          : ContactListComponent
[16:23:42] parsing        : D:/Work/Datum/final/address-book/src/app/models/contact.ts
[16:23:42] found          : Contact
[16:23:42] parsing        : D:/Work/Datum/final/address-book/src/app/contact-update/contact-update.component.ts
[16:23:42] found          : ContactUpdateComponent
[16:23:42] parsing        : D:/Work/Datum/final/address-book/src/app/services/contact.service.ts
[16:23:42] found          : ContactService
[16:23:42] -------------------
[16:23:42] Project statistics 
[16:23:42] - files      : 21
[16:23:42] - module     : 2
[16:23:42] - component  : 8
[16:23:42] - injectable : 1
[16:23:42] - interface  : 2
[16:23:42] -------------------
[16:23:42] Prepare components
[16:23:42]  AppComponent has a templateUrl, include it
[16:23:42]  AppComponent has styleUrls, include them
[16:23:42]  ButtonComponent has styleUrls, include them
[16:23:42]  ContactFormComponent has a templateUrl, include it
[16:23:42]  ContactFormComponent has styleUrls, include them
[16:23:42]  ContactListComponent has a templateUrl, include it
[16:23:42]  ContactListComponent has styleUrls, include them
[16:23:42]  ContactUpdateComponent has a templateUrl, include it
[16:23:42]  ContactUpdateComponent has styleUrls, include them
[16:23:42]  HeaderComponent has styleUrls, include them
[16:23:42]  PageComponent has styleUrls, include them
[16:23:42] Prepare modules
[16:23:42] Prepare injectables
[16:23:42] Process routes
[16:23:42] Prepare interfaces
[16:23:42] Prepare miscellaneous
[16:23:42] Process documentation coverage report
[16:23:42] Generating documentation in export format json
[16:23:42] Documentation generated in ./ in 1.109 seconds
info => Cleaning outputDir: C:\Users\User\AppData\Local\Temp\chromatic--1652-qiVwOxY5EDHb

info => Loading presets
info => Building manager..
info => Manager built (350 ms)
info => Compiling preview..
info => Copying static files: D:\Work\Datum\final\address-book\node_modules\@storybook\manager\static at C:\Users\User\AppData\Local\Temp\chromatic--1652-qiVwOxY5EDHb\sb-common-assets
info Addon-docs: using MDX2
info => Using implicit CSS loaders
info => Using angular browser target options from "address-book:build"
info => Using angular project with "tsConfig:D:\Work\Datum\final\address-book\.storybook\tsconfig.json"
info => Using default Webpack5 setup
<s> [webpack.Progress] 0% 

<s> [webpack.Progress] 1% setup before run
<s> [webpack.Progress] 1% setup before run NodeEnvironmentPlugin
<s> [webpack.Progress] 1% setup before run
<s> [webpack.Progress] 2% setup run
<s> [webpack.Progress] 2% setup run
<s> [webpack.Progress] 4% setup normal module factory
<s> [webpack.Progress] 4% setup normal module factory CaseSensitivePathsPlugin
<s> [webpack.Progress] 4% setup normal module factory
<s> [webpack.Progress] 5% setup context module factory
<s> [webpack.Progress] 5% setup context module factory
<s> [webpack.Progress] 6% setup before compile
<s> [webpack.Progress] 6% setup before compile angular-compiler
<s> [webpack.Progress] 6% setup before compile ProgressPlugin
<s> [webpack.Progress] 6% setup before compile
<s> [webpack.Progress] 7% setup compile
<s> [webpack.Progress] 7% setup compile ExternalsPlugin
<s> [webpack.Progress] 7% setup compile ExternalsPlugin
<s> [webpack.Progress] 7% setup compile
<s> [webpack.Progress] 8% setup compilation
<s> [webpack.Progress] 8% setup compilation angular-occurrences-plugin
<s> [webpack.Progress] 8% setup compilation angular-compiler
<s> [webpack.Progress] 8% setup compilation styles-webpack-plugin
<s> [webpack.Progress] 8% setup compilation mini-css-extract-plugin
<s> [webpack.Progress] 8% setup compilation unplugin-csf
<s> [webpack.Progress] 8% setup compilation storybook-normalize-angular-entry-plugin
<s> [webpack.Progress] 8% setup compilation ArrayPushCallbackChunkFormatPlugin
<s> [webpack.Progress] 8% setup compilation JsonpChunkLoadingPlugin
<s> [webpack.Progress] 8% setup compilation StartupChunkDependenciesPlugin
<s> [webpack.Progress] 8% setup compilation ImportScriptsChunkLoadingPlugin
<s> [webpack.Progress] 8% setup compilation FetchCompileWasmPlugin
<s> [webpack.Progress] 8% setup compilation FetchCompileAsyncWasmPlugin
<s> [webpack.Progress] 8% setup compilation WorkerPlugin
<s> [webpack.Progress] 8% setup compilation SplitChunksPlugin
<s> [webpack.Progress] 8% setup compilation RuntimeChunkPlugin
<s> [webpack.Progress] 8% setup compilation ResolverCachePlugin
<s> [webpack.Progress] 8% setup compilation HtmlWebpackPlugin
<s> [webpack.Progress] 8% setup compilation
<s> [webpack.Progress] 9% setup compilation
<s> [webpack.Progress] 9% setup compilation named-chunks-plugin
<s> [webpack.Progress] 9% setup compilation DedupeModuleResolvePlugin
<s> [webpack.Progress] 9% setup compilation AnyComponentStyleBudgetChecker
<s> [webpack.Progress] 9% setup compilation mini-css-extract-plugin
<s> [webpack.Progress] 9% setup compilation SuppressExtractedTextChunks
<s> [webpack.Progress] 9% setup compilation DefinePlugin
<s> [webpack.Progress] 9% setup compilation ProvidePlugin
<s> [webpack.Progress] 9% setup compilation ProgressPlugin
<s> [webpack.Progress] 9% setup compilation ChunkPrefetchPreloadPlugin
<s> [webpack.Progress] 9% setup compilation SourceMapDevToolPlugin
<s> [webpack.Progress] 9% setup compilation JavascriptModulesPlugin
<s> [webpack.Progress] 9% setup compilation JsonModulesPlugin
<s> [webpack.Progress] 9% setup compilation AssetModulesPlugin
<s> [webpack.Progress] 9% setup compilation DynamicEntryPlugin
<s> [webpack.Progress] 9% setup compilation RuntimePlugin
<s> [webpack.Progress] 9% setup compilation InferAsyncModulesPlugin
<s> [webpack.Progress] 9% setup compilation DataUriPlugin
<s> [webpack.Progress] 9% setup compilation FileUriPlugin
<s> [webpack.Progress] 9% setup compilation CompatibilityPlugin
<s> [webpack.Progress] 9% setup compilation HarmonyModulesPlugin
<s> [webpack.Progress] 9% setup compilation AMDPlugin
<s> [webpack.Progress] 9% setup compilation RequireJsStuffPlugin
<s> [webpack.Progress] 9% setup compilation CommonJsPlugin
<s> [webpack.Progress] 9% setup compilation LoaderPlugin
<s> [webpack.Progress] 9% setup compilation LoaderPlugin
<s> [webpack.Progress] 9% setup compilation NodeStuffPlugin
<s> [webpack.Progress] 9% setup compilation APIPlugin
<s> [webpack.Progress] 9% setup compilation ExportsInfoApiPlugin
<s> [webpack.Progress] 9% setup compilation WebpackIsIncludedPlugin
<s> [webpack.Progress] 9% setup compilation ConstPlugin
<s> [webpack.Progress] 9% setup compilation UseStrictPlugin
<s> [webpack.Progress] 9% setup compilation RequireIncludePlugin
<s> [webpack.Progress] 9% setup compilation RequireEnsurePlugin
<s> [webpack.Progress] 9% setup compilation RequireContextPlugin
<s> [webpack.Progress] 9% setup compilation ImportPlugin
<s> [webpack.Progress] 9% setup compilation ImportMetaContextPlugin
<s> [webpack.Progress] 9% setup compilation SystemPlugin
<s> [webpack.Progress] 9% setup compilation ImportMetaPlugin
<s> [webpack.Progress] 9% setup compilation URLPlugin
<s> [webpack.Progress] 9% setup compilation DefaultStatsFactoryPlugin
<s> [webpack.Progress] 9% setup compilation DefaultStatsPresetPlugin
<s> [webpack.Progress] 9% setup compilation DefaultStatsPrinterPlugin
<s> [webpack.Progress] 9% setup compilation JavascriptMetaInfoPlugin
<s> [webpack.Progress] 9% setup compilation EnsureChunkConditionsPlugin
<s> [webpack.Progress] 9% setup compilation RemoveEmptyChunksPlugin
<s> [webpack.Progress] 9% setup compilation MergeDuplicateChunksPlugin
<s> [webpack.Progress] 9% setup compilation FlagIncludedChunksPlugin
<s> [webpack.Progress] 9% setup compilation SideEffectsFlagPlugin
<s> [webpack.Progress] 9% setup compilation FlagDependencyExportsPlugin
<s> [webpack.Progress] 9% setup compilation FlagDependencyUsagePlugin
<s> [webpack.Progress] 9% setup compilation InnerGraphPlugin
<s> [webpack.Progress] 9% setup compilation MangleExportsPlugin
<s> [webpack.Progress] 9% setup compilation ModuleConcatenationPlugin
<s> [webpack.Progress] 9% setup compilation NoEmitOnErrorsPlugin
<s> [webpack.Progress] 9% setup compilation RealContentHashPlugin
<s> [webpack.Progress] 9% setup compilation WasmFinalizeExportsPlugin
<s> [webpack.Progress] 9% setup compilation NamedModuleIdsPlugin
<s> [webpack.Progress] 9% setup compilation DeterministicChunkIdsPlugin
<s> [webpack.Progress] 9% setup compilation DefinePlugin
<s> [webpack.Progress] 9% setup compilation TerserPlugin
<s> [webpack.Progress] 9% setup compilation TemplatedPathPlugin
<s> [webpack.Progress] 9% setup compilation RecordIdsPlugin
<s> [webpack.Progress] 9% setup compilation WarnCaseSensitiveModulesPlugin
<s> [webpack.Progress] 9% setup compilation IgnoreWarningsPlugin
<s> [webpack.Progress] 9% setup compilation
<s> [webpack.Progress] 10% building
<s> [webpack.Progress] 10% building 0/1 entries 0/0 dependencies 0/0 modules
<s> [webpack.Progress] 10% building import loader ./node_modules/mini-css-extract-plugin/dist/loader.js
<s> [webpack.Progress] 10% building import loader ./node_modules/css-loader/dist/cjs.js
<s> [webpack.Progress] 10% building import loader ./node_modules/postcss-loader/dist/cjs.js
<s> [webpack.Progress] 10% building 0/5 entries 2/5 dependencies 0/2 modules
<s> [webpack.Progress] 10% building import loader ./node_modules/resolve-url-loader/index.js
<s> [webpack.Progress] 10% building import loader ./node_modules/sass-loader/dist/cjs.js
<s> [webpack.Progress] 10% building 0/5 entries 2/6 dependencies 0/2 modules
<s> [webpack.Progress] 10% building import loader ./node_modules/@angular-devkit/build-angular/src/tools/babel/webpack-loader.js
<s> [webpack.Progress] 10% building 0/5 entries 5/7 dependencies 0/5 modules
<s> [webpack.Progress] 10% building 0/5 entries 9/10 dependencies 0/9 modules
<s> [webpack.Progress] 21% building 1/5 entries 9/26 dependencies 1/9 modules
<s> [webpack.Progress] 21% building 1/5 entries 16/29 dependencies 8/14 modules
<s> [webpack.Progress] 32% building 2/5 entries 16/29 dependencies 9/14 modules
<s> [webpack.Progress] 37% building 3/5 entries 16/32 dependencies 10/14 modules
<s> [webpack.Progress] 43% building import loader ./node_modules/@ngtools/webpack/src/ivy/index.js
<s> [webpack.Progress] 43% building 3/5 entries 30/43 dependencies 10/28 modules
<s> [webpack.Progress] 43% building import loader ./node_modules/@storybook/mdx2-csf/loader.js
<s> [webpack.Progress] 43% building 3/5 entries 43/65 dependencies 11/40 modules
<s> [webpack.Progress] 43% building import loader ./node_modules/unplugin/dist/webpack/loaders/load.js
<s> [webpack.Progress] 43% building 3/5 entries 58/85 dependencies 14/47 modules
<s> [webpack.Progress] 43% building 3/5 entries 100/143 dependencies 26/72 modules
<s> [webpack.Progress] 43% building 3/5 entries 158/200 dependencies 31/99 modules
<s> [webpack.Progress] 43% building 3/5 entries 237/300 dependencies 39/126 modules
<s> [webpack.Progress] 42% building 3/5 entries 300/384 dependencies 68/132 modules
<s> [webpack.Progress] 42% building 3/5 entries 400/420 dependencies 73/162 modules
<s> [webpack.Progress] 43% building 3/5 entries 800/1070 dependencies 83/368 modules
<s> [webpack.Progress] 43% building 3/5 entries 1070/1100 dependencies 87/531 modules
<s> [webpack.Progress] 43% building 3/5 entries 1420/1500 dependencies 111/647 modules
<s> [webpack.Progress] 43% building 3/5 entries 1955/1972 dependencies 150/700 modules
<s> [webpack.Progress] 42% building 3/5 entries 2284/2300 dependencies 173/730 modules
<s> [webpack.Progress] 42% building 3/5 entries 2572/2600 dependencies 326/796 modules
<s> [webpack.Progress] 42% building 3/5 entries 2759/2800 dependencies 493/834 modules
<s> [webpack.Progress] 45% building 3/5 entries 2900/2943 dependencies 652/871 modules
<s> [webpack.Progress] 54% building 3/5 entries 3058/3075 dependencies 800/922 modules
<s> [webpack.Progress] 54% building 3/5 entries 3273/3300 dependencies 882/1086 modules
<s> [webpack.Progress] 62% building 3/5 entries 3321/3349 dependencies 1044/1100 modules
<s> [webpack.Progress] 62% building 3/5 entries 3483/3500 dependencies 1095/1155 modules
<s> [webpack.Progress] 64% building 4/5 entries 3524/3524 dependencies 1160/1162 modules
<s> [webpack.Progress] 65% building 5/5 entries 3527/3527 dependencies 1163/1163 modules
<s> [webpack.Progress] 65% building
<s> [webpack.Progress] 69% building finish
<s> [webpack.Progress] 69% building finish
<s> [webpack.Progress] 70% sealing finish module graph
<s> [webpack.Progress] 70% sealing finish module graph angular-compiler
<s> [webpack.Progress] 70% sealing finish module graph ResolverCachePlugin
<s> [webpack.Progress] 70% sealing finish module graph InferAsyncModulesPlugin
<s> [webpack.Progress] 70% sealing finish module graph FlagDependencyExportsPlugin
<s> [webpack.Progress] 70% sealing finish module graph InnerGraphPlugin
<s> [webpack.Progress] 70% sealing finish module graph WasmFinalizeExportsPlugin
<s> [webpack.Progress] 70% sealing finish module graph
<s> [webpack.Progress] 70% sealing plugins
<s> [webpack.Progress] 70% sealing plugins WarnCaseSensitiveModulesPlugin
<s> [webpack.Progress] 70% sealing plugins
<s> [webpack.Progress] 71% sealing dependencies optimization
<s> [webpack.Progress] 71% sealing dependencies optimization SideEffectsFlagPlugin
<s> [webpack.Progress] 71% sealing dependencies optimization FlagDependencyUsagePlugin
<s> [webpack.Progress] 71% sealing dependencies optimization
<s> [webpack.Progress] 71% sealing after dependencies optimization
<s> [webpack.Progress] 71% sealing after dependencies optimization
<s> [webpack.Progress] 72% sealing chunk graph
<s> [webpack.Progress] 72% sealing chunk graph
<s> [webpack.Progress] 73% sealing after chunk graph
<s> [webpack.Progress] 73% sealing after chunk graph
<s> [webpack.Progress] 73% sealing optimizing
<s> [webpack.Progress] 73% sealing optimizing
<s> [webpack.Progress] 74% sealing module optimization
<s> [webpack.Progress] 74% sealing module optimization
<s> [webpack.Progress] 75% sealing after module optimization
<s> [webpack.Progress] 75% sealing after module optimization
<s> [webpack.Progress] 75% sealing chunk optimization
<s> [webpack.Progress] 75% sealing chunk optimization EnsureChunkConditionsPlugin
<s> [webpack.Progress] 75% sealing chunk optimization RemoveEmptyChunksPlugin
<s> [webpack.Progress] 75% sealing chunk optimization MergeDuplicateChunksPlugin
<s> [webpack.Progress] 75% sealing chunk optimization SplitChunksPlugin
<s> [webpack.Progress] 75% sealing chunk optimization RemoveEmptyChunksPlugin
<s> [webpack.Progress] 75% sealing chunk optimization
<s> [webpack.Progress] 76% sealing after chunk optimization
<s> [webpack.Progress] 76% sealing after chunk optimization
<s> [webpack.Progress] 77% sealing module and chunk tree optimization
<s> [webpack.Progress] 77% sealing module and chunk tree optimization PersistentChildCompilerSingletonPlugin
<s> [webpack.Progress] 77% sealing module and chunk tree optimization
<s> [webpack.Progress] 77% sealing after module and chunk tree optimization
<s> [webpack.Progress] 77% sealing after module and chunk tree optimization
<s> [webpack.Progress] 78% sealing chunk modules optimization
<s> [webpack.Progress] 78% sealing chunk modules optimization ModuleConcatenationPlugin
<s> [webpack.Progress] 78% sealing chunk modules optimization
<s> [webpack.Progress] 78% sealing after chunk modules optimization
<s> [webpack.Progress] 78% sealing after chunk modules optimization
<s> [webpack.Progress] 79% sealing module reviving
<s> [webpack.Progress] 79% sealing module reviving RecordIdsPlugin
<s> [webpack.Progress] 79% sealing module reviving
<s> [webpack.Progress] 80% sealing before module ids
<s> [webpack.Progress] 80% sealing before module ids
<s> [webpack.Progress] 80% sealing module ids
<s> [webpack.Progress] 80% sealing module ids NamedModuleIdsPlugin
<s> [webpack.Progress] 80% sealing module ids
<s> [webpack.Progress] 81% sealing module id optimization
<s> [webpack.Progress] 81% sealing module id optimization
<s> [webpack.Progress] 82% sealing module id optimization
<s> [webpack.Progress] 82% sealing module id optimization
<s> [webpack.Progress] 82% sealing chunk reviving
<s> [webpack.Progress] 82% sealing chunk reviving RecordIdsPlugin
<s> [webpack.Progress] 82% sealing chunk reviving
<s> [webpack.Progress] 83% sealing before chunk ids
<s> [webpack.Progress] 83% sealing before chunk ids
<s> [webpack.Progress] 84% sealing chunk ids
<s> [webpack.Progress] 84% sealing chunk ids DeterministicChunkIdsPlugin
<s> [webpack.Progress] 84% sealing chunk ids
<s> [webpack.Progress] 84% sealing chunk id optimization
<s> [webpack.Progress] 84% sealing chunk id optimization FlagIncludedChunksPlugin
<s> [webpack.Progress] 84% sealing chunk id optimization
<s> [webpack.Progress] 85% sealing after chunk id optimization
<s> [webpack.Progress] 85% sealing after chunk id optimization
<s> [webpack.Progress] 86% sealing record modules
<s> [webpack.Progress] 86% sealing record modules RecordIdsPlugin
<s> [webpack.Progress] 86% sealing record modules
<s> [webpack.Progress] 86% sealing record chunks
<s> [webpack.Progress] 86% sealing record chunks RecordIdsPlugin
<s> [webpack.Progress] 86% sealing record chunks
<s> [webpack.Progress] 87% sealing module hashing
<s> [webpack.Progress] 87% sealing module hashing
<s> [webpack.Progress] 87% sealing code generation
<s> [webpack.Progress] 87% sealing code generation
<s> [webpack.Progress] 88% sealing runtime requirements
<s> [webpack.Progress] 88% sealing runtime requirements
<s> [webpack.Progress] 89% sealing hashing
<s> [webpack.Progress] 89% sealing hashing
<s> [webpack.Progress] 89% sealing after hashing
<s> [webpack.Progress] 89% sealing after hashing
<s> [webpack.Progress] 90% sealing record hash
<s> [webpack.Progress] 90% sealing record hash
<s> [webpack.Progress] 91% sealing module assets processing
<s> [webpack.Progress] 91% sealing module assets processing
<s> [webpack.Progress] 91% sealing chunk assets processing
<s> [webpack.Progress] 91% sealing chunk assets processing
<s> [webpack.Progress] 92% sealing asset processing
<s> [webpack.Progress] 92% sealing asset processing PersistentChildCompilerSingletonPlugin
<s> [webpack.Progress] 92% sealing asset processing TerserPlugin
<s> [webpack.Progress] 92% sealing asset processing SourceMapDevToolPlugin
<s> [webpack.Progress] 92% sealing asset processing SourceMapDevToolPlugin
<s> [webpack.Progress] 92% sealing asset processing SourceMapDevToolPlugin main.c1754350ee2300877c2a.css generate SourceMap
<s> [webpack.Progress] 92% sealing asset processing SourceMapDevToolPlugin main.c1754350ee2300877c2a.css generated SourceMap
<s> [webpack.Progress] 92% sealing asset processing SourceMapDevToolPlugin main.9a32bad8.iframe.bundle.js generate SourceMap
<s> [webpack.Progress] 92% sealing asset processing SourceMapDevToolPlugin main.9a32bad8.iframe.bundle.js generated SourceMap
<s> [webpack.Progress] 92% sealing asset processing SourceMapDevToolPlugin runtime~main.ed3a825e.iframe.bundle.js generate SourceMap
<s> [webpack.Progress] 92% sealing asset processing SourceMapDevToolPlugin runtime~main.ed3a825e.iframe.bundle.js generated SourceMap
<s> [webpack.Progress] 92% sealing asset processing SourceMapDevToolPlugin stories-Introduction-mdx.5728a5cb.iframe.bundle.js generate SourceMap
<s> [webpack.Progress] 92% sealing asset processing SourceMapDevToolPlugin stories-Introduction-mdx.5728a5cb.iframe.bundle.js generated SourceMap
<s> [webpack.Progress] 92% sealing asset processing SourceMapDevToolPlugin stories-Button-stories.154ef69b.iframe.bundle.js generate SourceMap
<s> [webpack.Progress] 92% sealing asset processing SourceMapDevToolPlugin stories-Button-stories.154ef69b.iframe.bundle.js generated SourceMap
<s> [webpack.Progress] 92% sealing asset processing SourceMapDevToolPlugin stories-Header-stories.5772c42f.iframe.bundle.js generate SourceMap
<s> [webpack.Progress] 92% sealing asset processing SourceMapDevToolPlugin stories-Header-stories.5772c42f.iframe.bundle.js generated SourceMap
<s> [webpack.Progress] 92% sealing asset processing SourceMapDevToolPlugin stories-Page-stories.cd74a20d.iframe.bundle.js generate SourceMap
<s> [webpack.Progress] 92% sealing asset processing SourceMapDevToolPlugin stories-Page-stories.cd74a20d.iframe.bundle.js generated SourceMap
<s> [webpack.Progress] 92% sealing asset processing SourceMapDevToolPlugin stories-contact-form-stories.b7fbf33b.iframe.bundle.js generate SourceMap
<s> [webpack.Progress] 92% sealing asset processing SourceMapDevToolPlugin stories-contact-form-stories.b7fbf33b.iframe.bundle.js generated SourceMap
<s> [webpack.Progress] 92% sealing asset processing SourceMapDevToolPlugin stories-contact-list-stories.9f337ac0.iframe.bundle.js generate SourceMap
<s> [webpack.Progress] 92% sealing asset processing SourceMapDevToolPlugin stories-contact-list-stories.9f337ac0.iframe.bundle.js generated SourceMap
<s> [webpack.Progress] 92% sealing asset processing SourceMapDevToolPlugin 835.e48619ff.iframe.bundle.js generate SourceMap
<s> [webpack.Progress] 92% sealing asset processing SourceMapDevToolPlugin 835.e48619ff.iframe.bundle.js generated SourceMap
<s> [webpack.Progress] 92% sealing asset processing SourceMapDevToolPlugin 623.c731b22c.iframe.bundle.js generate SourceMap
<s> [webpack.Progress] 92% sealing asset processing SourceMapDevToolPlugin 623.c731b22c.iframe.bundle.js generated SourceMap
<s> [webpack.Progress] 92% sealing asset processing SourceMapDevToolPlugin 761.d62a4d0c.iframe.bundle.js generate SourceMap
<s> [webpack.Progress] 92% sealing asset processing SourceMapDevToolPlugin 761.d62a4d0c.iframe.bundle.js generated SourceMap
<s> [webpack.Progress] 92% sealing asset processing SourceMapDevToolPlugin 997.fc4629cb.iframe.bundle.js generate SourceMap
<s> [webpack.Progress] 92% sealing asset processing SourceMapDevToolPlugin 997.fc4629cb.iframe.bundle.js generated SourceMap
<s> [webpack.Progress] 92% sealing asset processing SourceMapDevToolPlugin 237.69ee883b.iframe.bundle.js generate SourceMap
<s> [webpack.Progress] 92% sealing asset processing SourceMapDevToolPlugin 237.69ee883b.iframe.bundle.js generated SourceMap
<s> [webpack.Progress] 92% sealing asset processing SourceMapDevToolPlugin 110.6334f3ec.iframe.bundle.js generate SourceMap
<s> [webpack.Progress] 92% sealing asset processing SourceMapDevToolPlugin 110.6334f3ec.iframe.bundle.js generated SourceMap
<s> [webpack.Progress] 92% sealing asset processing SourceMapDevToolPlugin 467.94ac39d6.iframe.bundle.js generate SourceMap
<s> [webpack.Progress] 92% sealing asset processing SourceMapDevToolPlugin 467.94ac39d6.iframe.bundle.js generated SourceMap
<s> [webpack.Progress] 92% sealing asset processing SourceMapDevToolPlugin 464.2b2b267f.iframe.bundle.js generate SourceMap
<s> [webpack.Progress] 92% sealing asset processing SourceMapDevToolPlugin 464.2b2b267f.iframe.bundle.js generated SourceMap
<s> [webpack.Progress] 92% sealing asset processing SourceMapDevToolPlugin 732.41ee7582.iframe.bundle.js generate SourceMap
<s> [webpack.Progress] 92% sealing asset processing SourceMapDevToolPlugin 732.41ee7582.iframe.bundle.js generated SourceMap
<s> [webpack.Progress] 92% sealing asset processing SourceMapDevToolPlugin 615.1c2526d0.iframe.bundle.js generate SourceMap
<s> [webpack.Progress] 92% sealing asset processing SourceMapDevToolPlugin 615.1c2526d0.iframe.bundle.js generated SourceMap
<s> [webpack.Progress] 92% sealing asset processing SourceMapDevToolPlugin 768.cdc1b0b6.iframe.bundle.js generate SourceMap
<s> [webpack.Progress] 92% sealing asset processing SourceMapDevToolPlugin 768.cdc1b0b6.iframe.bundle.js generated SourceMap
<s> [webpack.Progress] 92% sealing asset processing SourceMapDevToolPlugin 616.4f67b1d6.iframe.bundle.js generate SourceMap
<s> [webpack.Progress] 92% sealing asset processing SourceMapDevToolPlugin 616.4f67b1d6.iframe.bundle.js generated SourceMap
<s> [webpack.Progress] 92% sealing asset processing SourceMapDevToolPlugin resolve sources
<s> [webpack.Progress] 92% sealing asset processing SourceMapDevToolPlugin 997.fc4629cb.iframe.bundle.js attach SourceMap
<s> [webpack.Progress] 92% sealing asset processing SourceMapDevToolPlugin 997.fc4629cb.iframe.bundle.js attached SourceMap
<s> [webpack.Progress] 92% sealing asset processing SourceMapDevToolPlugin 615.1c2526d0.iframe.bundle.js attach SourceMap
<s> [webpack.Progress] 92% sealing asset processing SourceMapDevToolPlugin 615.1c2526d0.iframe.bundle.js attached SourceMap
<s> [webpack.Progress] 92% sealing asset processing SourceMapDevToolPlugin 768.cdc1b0b6.iframe.bundle.js attach SourceMap
<s> [webpack.Progress] 92% sealing asset processing SourceMapDevToolPlugin 768.cdc1b0b6.iframe.bundle.js attached SourceMap
<s> [webpack.Progress] 92% sealing asset processing SourceMapDevToolPlugin
<s> [webpack.Progress] 92% sealing asset processing SourceMapDevToolPlugin
<s> [webpack.Progress] 92% sealing asset processing SourceMapDevToolPlugin resolve sources
<s> [webpack.Progress] 92% sealing asset processing SourceMapDevToolPlugin
<s> [webpack.Progress] 92% sealing asset processing HtmlWebpackPlugin
<s> [webpack.Progress] 92% sealing asset processing HtmlWebpackPlugin
<s> [webpack.Progress] 92% sealing asset processing HtmlWebpackPlugin resolve sources
<s> [webpack.Progress] 92% sealing asset processing HtmlWebpackPlugin
<s> [webpack.Progress] 92% sealing asset processing RealContentHashPlugin
<s> [webpack.Progress] 92% sealing asset processing RealContentHashPlugin
<s> [webpack.Progress] 92% sealing asset processing RealContentHashPlugin main.821167f0d0c848722eed.css generate SourceMap
<s> [webpack.Progress] 92% sealing asset processing RealContentHashPlugin main.821167f0d0c848722eed.css generated SourceMap
<s> [webpack.Progress] 92% sealing asset processing RealContentHashPlugin main.241e2d3c.iframe.bundle.js generate SourceMap
<s> [webpack.Progress] 92% sealing asset processing RealContentHashPlugin main.241e2d3c.iframe.bundle.js generated SourceMap
<s> [webpack.Progress] 92% sealing asset processing RealContentHashPlugin runtime~main.4f46146b.iframe.bundle.js generate SourceMap
<s> [webpack.Progress] 92% sealing asset processing RealContentHashPlugin runtime~main.4f46146b.iframe.bundle.js generated SourceMap
<s> [webpack.Progress] 92% sealing asset processing RealContentHashPlugin stories-Button-stories.3cac9d3a.iframe.bundle.js generate SourceMap
<s> [webpack.Progress] 92% sealing asset processing RealContentHashPlugin stories-Button-stories.3cac9d3a.iframe.bundle.js generated SourceMap
<s> [webpack.Progress] 92% sealing asset processing RealContentHashPlugin stories-Header-stories.646dbe83.iframe.bundle.js generate SourceMap
<s> [webpack.Progress] 92% sealing asset processing RealContentHashPlugin stories-Header-stories.646dbe83.iframe.bundle.js generated SourceMap
<s> [webpack.Progress] 92% sealing asset processing RealContentHashPlugin stories-Page-stories.14794ec9.iframe.bundle.js generate SourceMap
<s> [webpack.Progress] 92% sealing asset processing RealContentHashPlugin stories-Page-stories.14794ec9.iframe.bundle.js generated SourceMap
<s> [webpack.Progress] 92% sealing asset processing RealContentHashPlugin stories-contact-form-stories.7e4993d7.iframe.bundle.js generate SourceMap
<s> [webpack.Progress] 92% sealing asset processing RealContentHashPlugin stories-contact-form-stories.7e4993d7.iframe.bundle.js generated SourceMap
<s> [webpack.Progress] 92% sealing asset processing RealContentHashPlugin stories-contact-list-stories.5ef5d469.iframe.bundle.js generate SourceMap
<s> [webpack.Progress] 92% sealing asset processing RealContentHashPlugin stories-contact-list-stories.5ef5d469.iframe.bundle.js generated SourceMap
<s> [webpack.Progress] 92% sealing asset processing RealContentHashPlugin 835.f3b16ecf.iframe.bundle.js generate SourceMap
<s> [webpack.Progress] 92% sealing asset processing RealContentHashPlugin 835.f3b16ecf.iframe.bundle.js generated SourceMap
<s> [webpack.Progress] 92% sealing asset processing RealContentHashPlugin 623.5c8a43e1.iframe.bundle.js generate SourceMap
<s> [webpack.Progress] 92% sealing asset processing RealContentHashPlugin 623.5c8a43e1.iframe.bundle.js generated SourceMap
<s> [webpack.Progress] 92% sealing asset processing RealContentHashPlugin 761.2ee2e20b.iframe.bundle.js generate SourceMap
<s> [webpack.Progress] 92% sealing asset processing RealContentHashPlugin 761.2ee2e20b.iframe.bundle.js generated SourceMap
<s> [webpack.Progress] 92% sealing asset processing RealContentHashPlugin 237.249a0502.iframe.bundle.js generate SourceMap
<s> [webpack.Progress] 92% sealing asset processing RealContentHashPlugin 237.249a0502.iframe.bundle.js generated SourceMap
<s> [webpack.Progress] 92% sealing asset processing RealContentHashPlugin 110.7844781e.iframe.bundle.js generate SourceMap
<s> [webpack.Progress] 92% sealing asset processing RealContentHashPlugin 110.7844781e.iframe.bundle.js generated SourceMap
<s> [webpack.Progress] 92% sealing asset processing RealContentHashPlugin 467.f5d181cf.iframe.bundle.js generate SourceMap
<s> [webpack.Progress] 92% sealing asset processing RealContentHashPlugin 467.f5d181cf.iframe.bundle.js generated SourceMap
<s> [webpack.Progress] 92% sealing asset processing RealContentHashPlugin 464.94f85985.iframe.bundle.js generate SourceMap
<s> [webpack.Progress] 92% sealing asset processing RealContentHashPlugin 464.94f85985.iframe.bundle.js generated SourceMap
<s> [webpack.Progress] 92% sealing asset processing RealContentHashPlugin stories-Introduction-mdx.e6620b28.iframe.bundle.js generate SourceMap
<s> [webpack.Progress] 92% sealing asset processing RealContentHashPlugin stories-Introduction-mdx.e6620b28.iframe.bundle.js generated SourceMap
<s> [webpack.Progress] 92% sealing asset processing RealContentHashPlugin 732.34ceebc1.iframe.bundle.js generate SourceMap
<s> [webpack.Progress] 92% sealing asset processing RealContentHashPlugin 732.34ceebc1.iframe.bundle.js generated SourceMap
<s> [webpack.Progress] 92% sealing asset processing RealContentHashPlugin 616.e8732dfe.iframe.bundle.js generate SourceMap
<s> [webpack.Progress] 92% sealing asset processing RealContentHashPlugin 616.e8732dfe.iframe.bundle.js generated SourceMap
<s> [webpack.Progress] 92% sealing asset processing RealContentHashPlugin resolve sources
<s> [webpack.Progress] 92% sealing asset processing RealContentHashPlugin
<s> [webpack.Progress] 92% sealing asset processing angular-occurrences-plugin
<s> [webpack.Progress] 92% sealing asset processing AnyComponentStyleBudgetChecker
<s> [webpack.Progress] 92% sealing asset processing
<s> [webpack.Progress] 93% sealing after asset optimization
<s> [webpack.Progress] 93% sealing after asset optimization
<s> [webpack.Progress] 93% sealing recording
<s> [webpack.Progress] 93% sealing recording
<s> [webpack.Progress] 94% sealing after seal
<s> [webpack.Progress] 94% sealing after seal
<s> [webpack.Progress] 95% emitting emit
<s> [webpack.Progress] 95% emitting emit
<s> [webpack.Progress] 98% emitting after emit
<s> [webpack.Progress] 98% emitting after emit SizeLimitsPlugin
<s> [webpack.Progress] 98% emitting after emit
<s> [webpack.Progress] 99% done plugins
<s> [webpack.Progress] 99% done plugins CaseSensitivePathsPlugin
<s> [webpack.Progress] 99% done plugins
<s> [webpack.Progress] 99% 

<s> [webpack.Progress] 99% cache store build dependencies
<s> [webpack.Progress] 99% cache store build dependencies
<s> [webpack.Progress] 99% cache begin idle
<s> [webpack.Progress] 99% cache begin idle
<s> [webpack.Progress] 100% 

info => Preview built (1.38 min)
WARN D:/Work/Datum/final/address-book/src/app/app-routing.module.ts is part of the TypeScript compilation but it's unused.
WARN Add only entry points to the 'files' or 'include' properties in your tsconfig.
WARN D:/Work/Datum/final/address-book/src/app/app.component.ts is part of the TypeScript compilation but it's unused.
WARN Add only entry points to the 'files' or 'include' properties in your tsconfig.
WARN D:/Work/Datum/final/address-book/src/app/app.module.ts is part of the TypeScript compilation but it's unused.
WARN Add only entry points to the 'files' or 'include' properties in your tsconfig.
WARN D:/Work/Datum/final/address-book/src/app/contact-update/contact-update.component.ts is part of the TypeScript compilation but it's unused.
WARN Add only entry points to the 'files' or 'include' properties in your tsconfig.
WARN D:/Work/Datum/final/address-book/src/main.ts is part of the TypeScript compilation but it's unused.
WARN Add only entry points to the 'files' or 'include' properties in your tsconfig.
WARN asset size limit: The following asset(s) exceed the recommended size limit (244 KiB).
WARN This can impact web performance.
WARN Assets: 
WARN   997.253a0481.iframe.bundle.js (583 KiB)
WARN   732.34ceebc1.iframe.bundle.js (931 KiB)
WARN   615.6ece785e.iframe.bundle.js (758 KiB)
WARN   768.1090a140.iframe.bundle.js (2.16 MiB)
WARN   616.e8732dfe.iframe.bundle.js (402 KiB)
WARN entrypoint size limit: The following entrypoint(s) combined asset size exceeds the recommended limit (244 KiB). This can impact web performance.
WARN Entrypoints:
WARN   main (2.34 MiB)
WARN       runtime~main.4f46146b.iframe.bundle.js
WARN       768.1090a140.iframe.bundle.js
WARN       main.821167f0d0c848722eed.css
WARN       main.241e2d3c.iframe.bundle.js
WARN 
<s> [webpack.Progress] 99% cache shutdown
<s> [webpack.Progress] 99% cache shutdown
<s> [webpack.Progress] 100% 

info => Output directory: C:\Users\User\AppData\Local\Temp\chromatic--1652-qiVwOxY5EDHb
